<?xml version="1.0" encoding="UTF-8"?>
<!-- Generated by org.testng.reporters.JUnitXMLReporter -->
<testsuite ignored="0" hostname="Patidar" failures="0" tests="4" name="Test" time="76.394" errors="0" timestamp="02 Feb 2023 05:19:36 GMT">
  <testcase classname="testNG.Test1" name="test1" time="3.461"/>
  <testcase classname="testNG.Test1" name="test2" time="10.082"/>
  <testcase classname="testNG.Test2" name="test1" time="17.522"/>
  <testcase classname="testNG.Test2" name="test2" time="10.898"/>
</testsuite> <!-- Test -->
